Starting Taskiq worker with Windows SelectorEventLoop fix...
[2025-12-24 12:22:32,055][taskiq.worker][INFO   ][MainProcess] Pid of a main process: 16424
[2025-12-24 12:22:32,056][taskiq.worker][INFO   ][MainProcess] Starting 1 worker processes.
[2025-12-24 12:22:32,059][taskiq.process-manager][INFO   ][MainProcess] Started process worker-0 with pid 12940 
[2025-12-24 12:22:35,830][taskiq.worker][INFO   ][worker-0] Importing tasks from module app.services.scheduler.tasks
[2025-12-24 12:22:35,857][app.services.scheduler.taskiq_broker][INFO   ][worker-0] \U0001f680 WORKER STARTUP EVENT TRIGGERED! Initializing dependencies...
[2025-12-24 12:22:36,561][app.infrastructure.database.connection.connect_to_pg][INFO   ][worker-0] Connected to PostgreSQL version: PostgreSQL 17.6 on aarch64-unknown-linux-musl, compiled by gcc (Alpine 14.2.0) 14.2.0, 64-bit
[2025-12-24 12:22:36,619][app.services.scheduler.taskiq_broker][INFO   ][worker-0] \u2705 Database pool initialized successfully
[2025-12-24 12:22:37,001][taskiq.receiver.receiver][INFO   ][worker-0] Listening started.
[2025-12-24 12:24:43,151][taskiq.receiver.receiver][INFO   ][worker-0] Executing task app.services.scheduler.broadcast_tasks:start_broadcast_task with ID: 7c0b957f350e47258d268225badba9d3
[2025-12-24 12:24:43,153][app.services.scheduler.broadcast_tasks][INFO   ][worker-0] [BROADCAST] Starting broadcast task for campaign 15
[2025-12-24 12:24:43,269][app.infrastructure.database.tables.base][INFO   ][worker-0] Table='broadcast_campaigns', Action='UPDATE_STATUS', Details: campaign_id=15, status=BroadcastStatus.SENDING
[2025-12-24 12:24:43,269][app.services.scheduler.broadcast_tasks][INFO   ][worker-0] [BROADCAST] Campaign 15 status updated to SENDING
[2025-12-24 12:24:43,323][app.services.scheduler.broadcast_tasks][INFO   ][worker-0] [BROADCAST] Campaign 15 retrieved: None
[2025-12-24 12:24:43,378][app.services.scheduler.broadcast_tasks][INFO   ][worker-0] [BROADCAST] Found 0 messages for campaign 15
[2025-12-24 12:24:43,378][app.services.scheduler.broadcast_tasks][ERROR  ][worker-0] No messages found for campaign 15
[2025-12-24 12:24:43,431][app.infrastructure.database.tables.base][INFO   ][worker-0] Table='broadcast_campaigns', Action='UPDATE_STATUS', Details: campaign_id=15, status=BroadcastStatus.CANCELLED
[2025-12-24 12:27:50,380][taskiq.receiver.receiver][INFO   ][worker-0] Executing task app.services.scheduler.broadcast_tasks:start_broadcast_task with ID: 90982ac02daf4d52b83bfbacf9c86fdc
[2025-12-24 12:27:50,380][app.services.scheduler.broadcast_tasks][INFO   ][worker-0] [BROADCAST] Starting broadcast task for campaign 16
[2025-12-24 12:27:50,488][app.infrastructure.database.tables.base][INFO   ][worker-0] Table='broadcast_campaigns', Action='UPDATE_STATUS', Details: campaign_id=16, status=BroadcastStatus.SENDING
[2025-12-24 12:27:50,488][app.services.scheduler.broadcast_tasks][INFO   ][worker-0] [BROADCAST] Campaign 16 status updated to SENDING
[2025-12-24 12:27:50,541][app.services.scheduler.broadcast_tasks][INFO   ][worker-0] [BROADCAST] Campaign 16 retrieved: id=16 admin_id=383415434 status=<BroadcastStatus.SENDING: 'sending'> created_at=datetime.datetime(2025, 12, 24, 11, 27, 49, 825483, tzinfo=datetime.timezone.utc) updated_at=datetime.datetime(2025, 12, 24, 11, 27, 51, 263471, tzinfo=datetime.timezone.utc) scheduled_at=None
[2025-12-24 12:27:50,594][app.services.scheduler.broadcast_tasks][INFO   ][worker-0] [BROADCAST] Found 1 messages for campaign 16
[2025-12-24 12:27:50,594][app.services.scheduler.broadcast_tasks][INFO   ][worker-0] [BROADCAST] Target language for campaign 16: all
[2025-12-24 12:27:50,646][app.services.scheduler.broadcast_tasks][INFO   ][worker-0] [BROADCAST] Starting broadcast for campaign 16 to 1 users: [383415434]
[2025-12-24 12:27:50,647][app.services.scheduler.broadcast_tasks][INFO   ][worker-0] [BROADCAST] Dispatching send_one_message for user 383415434, campaign 16
[2025-12-24 12:27:50,699][taskiq.receiver.receiver][INFO   ][worker-0] Executing task app.services.scheduler.broadcast_tasks:send_one_message with ID: 55b79f81e54641abac08cc6c94ec9914
[2025-12-24 12:27:50,754][app.infrastructure.database.tables.base][INFO   ][worker-0] Table='broadcast_campaigns', Action='UPDATE_STATUS', Details: campaign_id=16, status=BroadcastStatus.COMPLETED
[2025-12-24 12:27:50,755][app.services.scheduler.broadcast_tasks][INFO   ][worker-0] Broadcast loader finished for campaign 16
[2025-12-24 12:27:50,923][app.infrastructure.database.tables.base][INFO   ][worker-0] Table='users', Action='UsersTableAction.GET_USER', Details: user_id=383415434
[2025-12-24 12:27:51,102][app.services.scheduler.broadcast_tasks][INFO   ][worker-0] Successfully sent broadcast message to user 383415434
[2025-12-24 12:28:55,829][taskiq.receiver.receiver][INFO   ][worker-0] Executing task app.services.scheduler.broadcast_tasks:start_broadcast_task with ID: f7830e12a5ca4595976ba6cc58396336
[2025-12-24 12:28:55,829][app.services.scheduler.broadcast_tasks][INFO   ][worker-0] [BROADCAST] Starting broadcast task for campaign 17
[2025-12-24 12:28:55,930][app.infrastructure.database.tables.base][INFO   ][worker-0] Table='broadcast_campaigns', Action='UPDATE_STATUS', Details: campaign_id=17, status=BroadcastStatus.SENDING
[2025-12-24 12:28:55,930][app.services.scheduler.broadcast_tasks][INFO   ][worker-0] [BROADCAST] Campaign 17 status updated to SENDING
[2025-12-24 12:28:55,981][app.services.scheduler.broadcast_tasks][INFO   ][worker-0] [BROADCAST] Campaign 17 retrieved: id=17 admin_id=383415434 status=<BroadcastStatus.SENDING: 'sending'> created_at=datetime.datetime(2025, 12, 24, 11, 28, 55, 25393, tzinfo=datetime.timezone.utc) updated_at=datetime.datetime(2025, 12, 24, 11, 28, 56, 694463, tzinfo=datetime.timezone.utc) scheduled_at=None
[2025-12-24 12:28:56,031][app.services.scheduler.broadcast_tasks][INFO   ][worker-0] [BROADCAST] Found 1 messages for campaign 17
[2025-12-24 12:28:56,031][app.services.scheduler.broadcast_tasks][INFO   ][worker-0] [BROADCAST] Target language for campaign 17: ru
[2025-12-24 12:28:56,085][app.services.scheduler.broadcast_tasks][INFO   ][worker-0] [BROADCAST] Starting broadcast for campaign 17 to 1 users: [383415434]
[2025-12-24 12:28:56,085][app.services.scheduler.broadcast_tasks][INFO   ][worker-0] [BROADCAST] Dispatching send_one_message for user 383415434, campaign 17
[2025-12-24 12:28:56,138][taskiq.receiver.receiver][INFO   ][worker-0] Executing task app.services.scheduler.broadcast_tasks:send_one_message with ID: 8f3854e4fe67498bb8050bad8823e2e6
[2025-12-24 12:28:56,188][app.infrastructure.database.tables.base][INFO   ][worker-0] Table='broadcast_campaigns', Action='UPDATE_STATUS', Details: campaign_id=17, status=BroadcastStatus.COMPLETED
[2025-12-24 12:28:56,188][app.services.scheduler.broadcast_tasks][INFO   ][worker-0] Broadcast loader finished for campaign 17
[2025-12-24 12:28:56,347][app.infrastructure.database.tables.base][INFO   ][worker-0] Table='users', Action='UsersTableAction.GET_USER', Details: user_id=383415434
[2025-12-24 12:28:56,499][app.services.scheduler.broadcast_tasks][INFO   ][worker-0] Successfully sent broadcast message to user 383415434
[2025-12-24 12:30:24,604][taskiq.receiver.receiver][INFO   ][worker-0] Executing task app.services.scheduler.broadcast_tasks:start_broadcast_task with ID: e4b6ea92c59e4b8ebbfe4c3527f27574
[2025-12-24 12:30:24,604][app.services.scheduler.broadcast_tasks][INFO   ][worker-0] [BROADCAST] Starting broadcast task for campaign 18
[2025-12-24 12:30:24,715][app.infrastructure.database.tables.base][INFO   ][worker-0] Table='broadcast_campaigns', Action='UPDATE_STATUS', Details: campaign_id=18, status=BroadcastStatus.SENDING
[2025-12-24 12:30:24,715][app.services.scheduler.broadcast_tasks][INFO   ][worker-0] [BROADCAST] Campaign 18 status updated to SENDING
[2025-12-24 12:30:24,769][app.services.scheduler.broadcast_tasks][INFO   ][worker-0] [BROADCAST] Campaign 18 retrieved: id=18 admin_id=383415434 status=<BroadcastStatus.SENDING: 'sending'> created_at=datetime.datetime(2025, 12, 24, 11, 30, 23, 997927, tzinfo=datetime.timezone.utc) updated_at=datetime.datetime(2025, 12, 24, 11, 30, 25, 450659, tzinfo=datetime.timezone.utc) scheduled_at=None
[2025-12-24 12:30:24,822][app.services.scheduler.broadcast_tasks][INFO   ][worker-0] [BROADCAST] Found 1 messages for campaign 18
[2025-12-24 12:30:24,822][app.services.scheduler.broadcast_tasks][INFO   ][worker-0] [BROADCAST] Target language for campaign 18: en
[2025-12-24 12:30:24,874][app.services.scheduler.broadcast_tasks][INFO   ][worker-0] [BROADCAST] Starting broadcast for campaign 18 to 0 users: []
[2025-12-24 12:30:24,979][app.infrastructure.database.tables.base][INFO   ][worker-0] Table='broadcast_campaigns', Action='UPDATE_STATUS', Details: campaign_id=18, status=BroadcastStatus.COMPLETED
[2025-12-24 12:30:24,980][app.services.scheduler.broadcast_tasks][INFO   ][worker-0] Broadcast loader finished for campaign 18
[2025-12-24 13:33:33,106][nats.aio.client][ERROR  ][worker-0] nats: encountered error
Traceback (most recent call last):
  File "C:\Users\proman_esp\AppData\Local\Programs\Python\Python313\Lib\site-packages\nats\aio\client.py", line 1490, in _attempt_reconnect
    await self._transport.wait_closed()
  File "C:\Users\proman_esp\AppData\Local\Programs\Python\Python313\Lib\site-packages\nats\aio\transport.py", line 183, in wait_closed
    return await self._io_writer.wait_closed()
           ^^^^^^^^^^^^^^^^^^^^^^^^^^^^^^^^^^^
  File "C:\Users\proman_esp\AppData\Local\Programs\Python\Python313\Lib\asyncio\streams.py", line 358, in wait_closed
    await self._protocol._get_close_waiter(self)
  File "C:\Users\proman_esp\AppData\Local\Programs\Python\Python313\Lib\asyncio\selector_events.py", line 1005, in _read_ready__data_received
    data = self._sock.recv(self.max_size)
ConnectionResetError: [WinError 10054] Удаленный хост принудительно разорвал существующее подключение
[2025-12-24 13:48:57,649][nats.aio.client][ERROR  ][worker-0] nats: encountered error
Traceback (most recent call last):
  File "C:\Users\proman_esp\AppData\Local\Programs\Python\Python313\Lib\site-packages\nats\aio\client.py", line 1490, in _attempt_reconnect
    await self._transport.wait_closed()
  File "C:\Users\proman_esp\AppData\Local\Programs\Python\Python313\Lib\site-packages\nats\aio\transport.py", line 183, in wait_closed
    return await self._io_writer.wait_closed()
           ^^^^^^^^^^^^^^^^^^^^^^^^^^^^^^^^^^^
  File "C:\Users\proman_esp\AppData\Local\Programs\Python\Python313\Lib\asyncio\streams.py", line 358, in wait_closed
    await self._protocol._get_close_waiter(self)
  File "C:\Users\proman_esp\AppData\Local\Programs\Python\Python313\Lib\asyncio\selector_events.py", line 1005, in _read_ready__data_received
    data = self._sock.recv(self.max_size)
ConnectionResetError: [WinError 10054] Удаленный хост принудительно разорвал существующее подключение
[2025-12-24 23:21:51,582][nats.aio.client][ERROR  ][worker-0] nats: encountered error
Traceback (most recent call last):
  File "C:\Users\proman_esp\AppData\Local\Programs\Python\Python313\Lib\site-packages\nats\aio\client.py", line 2122, in _flusher
    await self._transport.drain()
  File "C:\Users\proman_esp\AppData\Local\Programs\Python\Python313\Lib\site-packages\nats\aio\transport.py", line 180, in drain
    return await self._io_writer.drain()
           ^^^^^^^^^^^^^^^^^^^^^^^^^^^^^
  File "C:\Users\proman_esp\AppData\Local\Programs\Python\Python313\Lib\asyncio\streams.py", line 386, in drain
    await self._protocol._drain_helper()
  File "C:\Users\proman_esp\AppData\Local\Programs\Python\Python313\Lib\asyncio\streams.py", line 166, in _drain_helper
    raise ConnectionResetError('Connection lost')
ConnectionResetError: Connection lost
[2025-12-24 23:21:51,900][nats.aio.client][ERROR  ][worker-0] nats: encountered error
Traceback (most recent call last):
  File "C:\Users\proman_esp\AppData\Local\Programs\Python\Python313\Lib\site-packages\nats\aio\client.py", line 1490, in _attempt_reconnect
    await self._transport.wait_closed()
  File "C:\Users\proman_esp\AppData\Local\Programs\Python\Python313\Lib\site-packages\nats\aio\transport.py", line 183, in wait_closed
    return await self._io_writer.wait_closed()
           ^^^^^^^^^^^^^^^^^^^^^^^^^^^^^^^^^^^
  File "C:\Users\proman_esp\AppData\Local\Programs\Python\Python313\Lib\asyncio\streams.py", line 358, in wait_closed
    await self._protocol._get_close_waiter(self)
  File "C:\Users\proman_esp\AppData\Local\Programs\Python\Python313\Lib\asyncio\selector_events.py", line 1005, in _read_ready__data_received
    data = self._sock.recv(self.max_size)
ConnectionResetError: [WinError 10054] Удаленный хост принудительно разорвал существующее подключение
[2025-12-26 11:19:42,844][nats.aio.client][ERROR  ][worker-0] nats: encountered error
Traceback (most recent call last):
  File "C:\Users\proman_esp\AppData\Local\Programs\Python\Python313\Lib\site-packages\nats\aio\client.py", line 2122, in _flusher
    await self._transport.drain()
  File "C:\Users\proman_esp\AppData\Local\Programs\Python\Python313\Lib\site-packages\nats\aio\transport.py", line 180, in drain
    return await self._io_writer.drain()
           ^^^^^^^^^^^^^^^^^^^^^^^^^^^^^
  File "C:\Users\proman_esp\AppData\Local\Programs\Python\Python313\Lib\asyncio\streams.py", line 374, in drain
    raise exc
  File "C:\Users\proman_esp\AppData\Local\Programs\Python\Python313\Lib\asyncio\selector_events.py", line 1067, in write
    n = self._sock.send(data)
ConnectionAbortedError: [WinError 10053] Программа на вашем хост-компьютере разорвала установленное подключение
[2025-12-26 11:19:42,871][nats.aio.client][ERROR  ][worker-0] nats: encountered error
Traceback (most recent call last):
  File "C:\Users\proman_esp\AppData\Local\Programs\Python\Python313\Lib\site-packages\nats\aio\client.py", line 1490, in _attempt_reconnect
    await self._transport.wait_closed()
  File "C:\Users\proman_esp\AppData\Local\Programs\Python\Python313\Lib\site-packages\nats\aio\transport.py", line 183, in wait_closed
    return await self._io_writer.wait_closed()
           ^^^^^^^^^^^^^^^^^^^^^^^^^^^^^^^^^^^
  File "C:\Users\proman_esp\AppData\Local\Programs\Python\Python313\Lib\asyncio\streams.py", line 358, in wait_closed
    await self._protocol._get_close_waiter(self)
  File "C:\Users\proman_esp\AppData\Local\Programs\Python\Python313\Lib\asyncio\selector_events.py", line 1067, in write
    n = self._sock.send(data)
ConnectionAbortedError: [WinError 10053] Программа на вашем хост-компьютере разорвала установленное подключение
[2025-12-26 11:19:42,882][nats.aio.client][ERROR  ][worker-0] nats: encountered error
Traceback (most recent call last):
  File "C:\Users\proman_esp\AppData\Local\Programs\Python\Python313\Lib\site-packages\nats\aio\client.py", line 1400, in _select_next_server
    await self._transport.connect(
    ...<3 lines>...
    )
  File "C:\Users\proman_esp\AppData\Local\Programs\Python\Python313\Lib\site-packages\nats\aio\transport.py", line 123, in connect
    r, w = await asyncio.wait_for(
           ^^^^^^^^^^^^^^^^^^^^^^^
    ...<6 lines>...
    )
    ^
  File "C:\Users\proman_esp\AppData\Local\Programs\Python\Python313\Lib\asyncio\tasks.py", line 507, in wait_for
    return await fut
           ^^^^^^^^^
  File "C:\Users\proman_esp\AppData\Local\Programs\Python\Python313\Lib\asyncio\streams.py", line 48, in open_connection
    transport, _ = await loop.create_connection(
                   ^^^^^^^^^^^^^^^^^^^^^^^^^^^^^
        lambda: protocol, host, port, **kwds)
        ^^^^^^^^^^^^^^^^^^^^^^^^^^^^^^^^^^^^^
  File "C:\Users\proman_esp\AppData\Local\Programs\Python\Python313\Lib\asyncio\base_events.py", line 1171, in create_connection
    raise exceptions[0]
  File "C:\Users\proman_esp\AppData\Local\Programs\Python\Python313\Lib\asyncio\base_events.py", line 1146, in create_connection
    sock = await self._connect_sock(
           ^^^^^^^^^^^^^^^^^^^^^^^^^
        exceptions, addrinfo, laddr_infos)
        ^^^^^^^^^^^^^^^^^^^^^^^^^^^^^^^^^^
  File "C:\Users\proman_esp\AppData\Local\Programs\Python\Python313\Lib\asyncio\base_events.py", line 1045, in _connect_sock
    await self.sock_connect(sock, address)
  File "C:\Users\proman_esp\AppData\Local\Programs\Python\Python313\Lib\asyncio\selector_events.py", line 641, in sock_connect
    return await fut
           ^^^^^^^^^
  File "C:\Users\proman_esp\AppData\Local\Programs\Python\Python313\Lib\asyncio\selector_events.py", line 681, in _sock_connect_cb
    raise OSError(err, f'Connect call failed {address}')
OSError: [Errno 10065] Connect call failed ('91.98.71.11', 4222)
[2025-12-26 11:19:45,028][nats.aio.client][ERROR  ][worker-0] nats: encountered error
Traceback (most recent call last):
  File "C:\Users\proman_esp\AppData\Local\Programs\Python\Python313\Lib\site-packages\nats\aio\client.py", line 1400, in _select_next_server
    await self._transport.connect(
    ...<3 lines>...
    )
  File "C:\Users\proman_esp\AppData\Local\Programs\Python\Python313\Lib\site-packages\nats\aio\transport.py", line 123, in connect
    r, w = await asyncio.wait_for(
           ^^^^^^^^^^^^^^^^^^^^^^^
    ...<6 lines>...
    )
    ^
  File "C:\Users\proman_esp\AppData\Local\Programs\Python\Python313\Lib\asyncio\tasks.py", line 507, in wait_for
    return await fut
           ^^^^^^^^^
  File "C:\Users\proman_esp\AppData\Local\Programs\Python\Python313\Lib\asyncio\streams.py", line 48, in open_connection
    transport, _ = await loop.create_connection(
                   ^^^^^^^^^^^^^^^^^^^^^^^^^^^^^
        lambda: protocol, host, port, **kwds)
        ^^^^^^^^^^^^^^^^^^^^^^^^^^^^^^^^^^^^^
  File "C:\Users\proman_esp\AppData\Local\Programs\Python\Python313\Lib\asyncio\base_events.py", line 1171, in create_connection
    raise exceptions[0]
  File "C:\Users\proman_esp\AppData\Local\Programs\Python\Python313\Lib\asyncio\base_events.py", line 1146, in create_connection
    sock = await self._connect_sock(
           ^^^^^^^^^^^^^^^^^^^^^^^^^
        exceptions, addrinfo, laddr_infos)
        ^^^^^^^^^^^^^^^^^^^^^^^^^^^^^^^^^^
  File "C:\Users\proman_esp\AppData\Local\Programs\Python\Python313\Lib\asyncio\base_events.py", line 1045, in _connect_sock
    await self.sock_connect(sock, address)
  File "C:\Users\proman_esp\AppData\Local\Programs\Python\Python313\Lib\asyncio\selector_events.py", line 641, in sock_connect
    return await fut
           ^^^^^^^^^
  File "C:\Users\proman_esp\AppData\Local\Programs\Python\Python313\Lib\asyncio\selector_events.py", line 681, in _sock_connect_cb
    raise OSError(err, f'Connect call failed {address}')
OSError: [Errno 10065] Connect call failed ('91.98.71.11', 4222)
[2025-12-26 11:19:47,034][nats.aio.client][ERROR  ][worker-0] nats: encountered error
Traceback (most recent call last):
  File "C:\Users\proman_esp\AppData\Local\Programs\Python\Python313\Lib\site-packages\nats\aio\client.py", line 1400, in _select_next_server
    await self._transport.connect(
    ...<3 lines>...
    )
  File "C:\Users\proman_esp\AppData\Local\Programs\Python\Python313\Lib\site-packages\nats\aio\transport.py", line 123, in connect
    r, w = await asyncio.wait_for(
           ^^^^^^^^^^^^^^^^^^^^^^^
    ...<6 lines>...
    )
    ^
  File "C:\Users\proman_esp\AppData\Local\Programs\Python\Python313\Lib\asyncio\tasks.py", line 507, in wait_for
    return await fut
           ^^^^^^^^^
  File "C:\Users\proman_esp\AppData\Local\Programs\Python\Python313\Lib\asyncio\streams.py", line 48, in open_connection
    transport, _ = await loop.create_connection(
                   ^^^^^^^^^^^^^^^^^^^^^^^^^^^^^
        lambda: protocol, host, port, **kwds)
        ^^^^^^^^^^^^^^^^^^^^^^^^^^^^^^^^^^^^^
  File "C:\Users\proman_esp\AppData\Local\Programs\Python\Python313\Lib\asyncio\base_events.py", line 1171, in create_connection
    raise exceptions[0]
  File "C:\Users\proman_esp\AppData\Local\Programs\Python\Python313\Lib\asyncio\base_events.py", line 1146, in create_connection
    sock = await self._connect_sock(
           ^^^^^^^^^^^^^^^^^^^^^^^^^
        exceptions, addrinfo, laddr_infos)
        ^^^^^^^^^^^^^^^^^^^^^^^^^^^^^^^^^^
  File "C:\Users\proman_esp\AppData\Local\Programs\Python\Python313\Lib\asyncio\base_events.py", line 1045, in _connect_sock
    await self.sock_connect(sock, address)
  File "C:\Users\proman_esp\AppData\Local\Programs\Python\Python313\Lib\asyncio\selector_events.py", line 641, in sock_connect
    return await fut
           ^^^^^^^^^
  File "C:\Users\proman_esp\AppData\Local\Programs\Python\Python313\Lib\asyncio\selector_events.py", line 681, in _sock_connect_cb
    raise OSError(err, f'Connect call failed {address}')
OSError: [Errno 10065] Connect call failed ('91.98.71.11', 4222)
[2025-12-26 11:19:49,039][nats.aio.client][ERROR  ][worker-0] nats: encountered error
Traceback (most recent call last):
  File "C:\Users\proman_esp\AppData\Local\Programs\Python\Python313\Lib\site-packages\nats\aio\client.py", line 1400, in _select_next_server
    await self._transport.connect(
    ...<3 lines>...
    )
  File "C:\Users\proman_esp\AppData\Local\Programs\Python\Python313\Lib\site-packages\nats\aio\transport.py", line 123, in connect
    r, w = await asyncio.wait_for(
           ^^^^^^^^^^^^^^^^^^^^^^^
    ...<6 lines>...
    )
    ^
  File "C:\Users\proman_esp\AppData\Local\Programs\Python\Python313\Lib\asyncio\tasks.py", line 507, in wait_for
    return await fut
           ^^^^^^^^^
  File "C:\Users\proman_esp\AppData\Local\Programs\Python\Python313\Lib\asyncio\streams.py", line 48, in open_connection
    transport, _ = await loop.create_connection(
                   ^^^^^^^^^^^^^^^^^^^^^^^^^^^^^
        lambda: protocol, host, port, **kwds)
        ^^^^^^^^^^^^^^^^^^^^^^^^^^^^^^^^^^^^^
  File "C:\Users\proman_esp\AppData\Local\Programs\Python\Python313\Lib\asyncio\base_events.py", line 1171, in create_connection
    raise exceptions[0]
  File "C:\Users\proman_esp\AppData\Local\Programs\Python\Python313\Lib\asyncio\base_events.py", line 1146, in create_connection
    sock = await self._connect_sock(
           ^^^^^^^^^^^^^^^^^^^^^^^^^
        exceptions, addrinfo, laddr_infos)
        ^^^^^^^^^^^^^^^^^^^^^^^^^^^^^^^^^^
  File "C:\Users\proman_esp\AppData\Local\Programs\Python\Python313\Lib\asyncio\base_events.py", line 1045, in _connect_sock
    await self.sock_connect(sock, address)
  File "C:\Users\proman_esp\AppData\Local\Programs\Python\Python313\Lib\asyncio\selector_events.py", line 641, in sock_connect
    return await fut
           ^^^^^^^^^
  File "C:\Users\proman_esp\AppData\Local\Programs\Python\Python313\Lib\asyncio\selector_events.py", line 681, in _sock_connect_cb
    raise OSError(err, f'Connect call failed {address}')
OSError: [Errno 10065] Connect call failed ('91.98.71.11', 4222)
[2025-12-26 11:19:51,049][nats.aio.client][ERROR  ][worker-0] nats: encountered error
Traceback (most recent call last):
  File "C:\Users\proman_esp\AppData\Local\Programs\Python\Python313\Lib\site-packages\nats\aio\client.py", line 1400, in _select_next_server
    await self._transport.connect(
    ...<3 lines>...
    )
  File "C:\Users\proman_esp\AppData\Local\Programs\Python\Python313\Lib\site-packages\nats\aio\transport.py", line 123, in connect
    r, w = await asyncio.wait_for(
           ^^^^^^^^^^^^^^^^^^^^^^^
    ...<6 lines>...
    )
    ^
  File "C:\Users\proman_esp\AppData\Local\Programs\Python\Python313\Lib\asyncio\tasks.py", line 507, in wait_for
    return await fut
           ^^^^^^^^^
  File "C:\Users\proman_esp\AppData\Local\Programs\Python\Python313\Lib\asyncio\streams.py", line 48, in open_connection
    transport, _ = await loop.create_connection(
                   ^^^^^^^^^^^^^^^^^^^^^^^^^^^^^
        lambda: protocol, host, port, **kwds)
        ^^^^^^^^^^^^^^^^^^^^^^^^^^^^^^^^^^^^^
  File "C:\Users\proman_esp\AppData\Local\Programs\Python\Python313\Lib\asyncio\base_events.py", line 1171, in create_connection
    raise exceptions[0]
  File "C:\Users\proman_esp\AppData\Local\Programs\Python\Python313\Lib\asyncio\base_events.py", line 1146, in create_connection
    sock = await self._connect_sock(
           ^^^^^^^^^^^^^^^^^^^^^^^^^
        exceptions, addrinfo, laddr_infos)
        ^^^^^^^^^^^^^^^^^^^^^^^^^^^^^^^^^^
  File "C:\Users\proman_esp\AppData\Local\Programs\Python\Python313\Lib\asyncio\base_events.py", line 1045, in _connect_sock
    await self.sock_connect(sock, address)
  File "C:\Users\proman_esp\AppData\Local\Programs\Python\Python313\Lib\asyncio\selector_events.py", line 641, in sock_connect
    return await fut
           ^^^^^^^^^
  File "C:\Users\proman_esp\AppData\Local\Programs\Python\Python313\Lib\asyncio\selector_events.py", line 681, in _sock_connect_cb
    raise OSError(err, f'Connect call failed {address}')
OSError: [Errno 10065] Connect call failed ('91.98.71.11', 4222)
[2025-12-26 11:19:53,061][nats.aio.client][ERROR  ][worker-0] nats: encountered error
Traceback (most recent call last):
  File "C:\Users\proman_esp\AppData\Local\Programs\Python\Python313\Lib\site-packages\nats\aio\client.py", line 1400, in _select_next_server
    await self._transport.connect(
    ...<3 lines>...
    )
  File "C:\Users\proman_esp\AppData\Local\Programs\Python\Python313\Lib\site-packages\nats\aio\transport.py", line 123, in connect
    r, w = await asyncio.wait_for(
           ^^^^^^^^^^^^^^^^^^^^^^^
    ...<6 lines>...
    )
    ^
  File "C:\Users\proman_esp\AppData\Local\Programs\Python\Python313\Lib\asyncio\tasks.py", line 507, in wait_for
    return await fut
           ^^^^^^^^^
  File "C:\Users\proman_esp\AppData\Local\Programs\Python\Python313\Lib\asyncio\streams.py", line 48, in open_connection
    transport, _ = await loop.create_connection(
                   ^^^^^^^^^^^^^^^^^^^^^^^^^^^^^
        lambda: protocol, host, port, **kwds)
        ^^^^^^^^^^^^^^^^^^^^^^^^^^^^^^^^^^^^^
  File "C:\Users\proman_esp\AppData\Local\Programs\Python\Python313\Lib\asyncio\base_events.py", line 1171, in create_connection
    raise exceptions[0]
  File "C:\Users\proman_esp\AppData\Local\Programs\Python\Python313\Lib\asyncio\base_events.py", line 1146, in create_connection
    sock = await self._connect_sock(
           ^^^^^^^^^^^^^^^^^^^^^^^^^
        exceptions, addrinfo, laddr_infos)
        ^^^^^^^^^^^^^^^^^^^^^^^^^^^^^^^^^^
  File "C:\Users\proman_esp\AppData\Local\Programs\Python\Python313\Lib\asyncio\base_events.py", line 1045, in _connect_sock
    await self.sock_connect(sock, address)
  File "C:\Users\proman_esp\AppData\Local\Programs\Python\Python313\Lib\asyncio\selector_events.py", line 641, in sock_connect
    return await fut
           ^^^^^^^^^
  File "C:\Users\proman_esp\AppData\Local\Programs\Python\Python313\Lib\asyncio\selector_events.py", line 681, in _sock_connect_cb
    raise OSError(err, f'Connect call failed {address}')
OSError: [Errno 10065] Connect call failed ('91.98.71.11', 4222)
[2025-12-26 11:19:55,077][nats.aio.client][ERROR  ][worker-0] nats: encountered error
Traceback (most recent call last):
  File "C:\Users\proman_esp\AppData\Local\Programs\Python\Python313\Lib\site-packages\nats\aio\client.py", line 1400, in _select_next_server
    await self._transport.connect(
    ...<3 lines>...
    )
  File "C:\Users\proman_esp\AppData\Local\Programs\Python\Python313\Lib\site-packages\nats\aio\transport.py", line 123, in connect
    r, w = await asyncio.wait_for(
           ^^^^^^^^^^^^^^^^^^^^^^^
    ...<6 lines>...
    )
    ^
  File "C:\Users\proman_esp\AppData\Local\Programs\Python\Python313\Lib\asyncio\tasks.py", line 507, in wait_for
    return await fut
           ^^^^^^^^^
  File "C:\Users\proman_esp\AppData\Local\Programs\Python\Python313\Lib\asyncio\streams.py", line 48, in open_connection
    transport, _ = await loop.create_connection(
                   ^^^^^^^^^^^^^^^^^^^^^^^^^^^^^
        lambda: protocol, host, port, **kwds)
        ^^^^^^^^^^^^^^^^^^^^^^^^^^^^^^^^^^^^^
  File "C:\Users\proman_esp\AppData\Local\Programs\Python\Python313\Lib\asyncio\base_events.py", line 1171, in create_connection
    raise exceptions[0]
  File "C:\Users\proman_esp\AppData\Local\Programs\Python\Python313\Lib\asyncio\base_events.py", line 1146, in create_connection
    sock = await self._connect_sock(
           ^^^^^^^^^^^^^^^^^^^^^^^^^
        exceptions, addrinfo, laddr_infos)
        ^^^^^^^^^^^^^^^^^^^^^^^^^^^^^^^^^^
  File "C:\Users\proman_esp\AppData\Local\Programs\Python\Python313\Lib\asyncio\base_events.py", line 1045, in _connect_sock
    await self.sock_connect(sock, address)
  File "C:\Users\proman_esp\AppData\Local\Programs\Python\Python313\Lib\asyncio\selector_events.py", line 641, in sock_connect
    return await fut
           ^^^^^^^^^
  File "C:\Users\proman_esp\AppData\Local\Programs\Python\Python313\Lib\asyncio\selector_events.py", line 681, in _sock_connect_cb
    raise OSError(err, f'Connect call failed {address}')
OSError: [Errno 10065] Connect call failed ('91.98.71.11', 4222)
[2025-12-26 11:19:59,090][nats.aio.client][ERROR  ][worker-0] nats: encountered error
Traceback (most recent call last):
  File "C:\Users\proman_esp\AppData\Local\Programs\Python\Python313\Lib\asyncio\tasks.py", line 507, in wait_for
    return await fut
           ^^^^^^^^^
  File "C:\Users\proman_esp\AppData\Local\Programs\Python\Python313\Lib\asyncio\streams.py", line 48, in open_connection
    transport, _ = await loop.create_connection(
                   ^^^^^^^^^^^^^^^^^^^^^^^^^^^^^
        lambda: protocol, host, port, **kwds)
        ^^^^^^^^^^^^^^^^^^^^^^^^^^^^^^^^^^^^^
  File "C:\Users\proman_esp\AppData\Local\Programs\Python\Python313\Lib\asyncio\base_events.py", line 1146, in create_connection
    sock = await self._connect_sock(
           ^^^^^^^^^^^^^^^^^^^^^^^^^
        exceptions, addrinfo, laddr_infos)
        ^^^^^^^^^^^^^^^^^^^^^^^^^^^^^^^^^^
  File "C:\Users\proman_esp\AppData\Local\Programs\Python\Python313\Lib\asyncio\base_events.py", line 1045, in _connect_sock
    await self.sock_connect(sock, address)
  File "C:\Users\proman_esp\AppData\Local\Programs\Python\Python313\Lib\asyncio\selector_events.py", line 641, in sock_connect
    return await fut
           ^^^^^^^^^
asyncio.exceptions.CancelledError

The above exception was the direct cause of the following exception:

Traceback (most recent call last):
  File "C:\Users\proman_esp\AppData\Local\Programs\Python\Python313\Lib\site-packages\nats\aio\client.py", line 1400, in _select_next_server
    await self._transport.connect(
    ...<3 lines>...
    )
  File "C:\Users\proman_esp\AppData\Local\Programs\Python\Python313\Lib\site-packages\nats\aio\transport.py", line 123, in connect
    r, w = await asyncio.wait_for(
           ^^^^^^^^^^^^^^^^^^^^^^^
    ...<6 lines>...
    )
    ^
  File "C:\Users\proman_esp\AppData\Local\Programs\Python\Python313\Lib\asyncio\tasks.py", line 506, in wait_for
    async with timeouts.timeout(timeout):
               ~~~~~~~~~~~~~~~~^^^^^^^^^
  File "C:\Users\proman_esp\AppData\Local\Programs\Python\Python313\Lib\asyncio\timeouts.py", line 116, in __aexit__
    raise TimeoutError from exc_val
TimeoutError
[2025-12-26 11:20:03,120][nats.aio.client][ERROR  ][worker-0] nats: encountered error
Traceback (most recent call last):
  File "C:\Users\proman_esp\AppData\Local\Programs\Python\Python313\Lib\asyncio\tasks.py", line 507, in wait_for
    return await fut
           ^^^^^^^^^
  File "C:\Users\proman_esp\AppData\Local\Programs\Python\Python313\Lib\asyncio\streams.py", line 48, in open_connection
    transport, _ = await loop.create_connection(
                   ^^^^^^^^^^^^^^^^^^^^^^^^^^^^^
        lambda: protocol, host, port, **kwds)
        ^^^^^^^^^^^^^^^^^^^^^^^^^^^^^^^^^^^^^
  File "C:\Users\proman_esp\AppData\Local\Programs\Python\Python313\Lib\asyncio\base_events.py", line 1146, in create_connection
    sock = await self._connect_sock(
           ^^^^^^^^^^^^^^^^^^^^^^^^^
        exceptions, addrinfo, laddr_infos)
        ^^^^^^^^^^^^^^^^^^^^^^^^^^^^^^^^^^
  File "C:\Users\proman_esp\AppData\Local\Programs\Python\Python313\Lib\asyncio\base_events.py", line 1045, in _connect_sock
    await self.sock_connect(sock, address)
  File "C:\Users\proman_esp\AppData\Local\Programs\Python\Python313\Lib\asyncio\selector_events.py", line 641, in sock_connect
    return await fut
           ^^^^^^^^^
asyncio.exceptions.CancelledError

The above exception was the direct cause of the following exception:

Traceback (most recent call last):
  File "C:\Users\proman_esp\AppData\Local\Programs\Python\Python313\Lib\site-packages\nats\aio\client.py", line 1400, in _select_next_server
    await self._transport.connect(
    ...<3 lines>...
    )
  File "C:\Users\proman_esp\AppData\Local\Programs\Python\Python313\Lib\site-packages\nats\aio\transport.py", line 123, in connect
    r, w = await asyncio.wait_for(
           ^^^^^^^^^^^^^^^^^^^^^^^
    ...<6 lines>...
    )
    ^
  File "C:\Users\proman_esp\AppData\Local\Programs\Python\Python313\Lib\asyncio\tasks.py", line 506, in wait_for
    async with timeouts.timeout(timeout):
               ~~~~~~~~~~~~~~~~^^^^^^^^^
  File "C:\Users\proman_esp\AppData\Local\Programs\Python\Python313\Lib\asyncio\timeouts.py", line 116, in __aexit__
    raise TimeoutError from exc_val
TimeoutError
[2025-12-26 11:20:09,402][nats.aio.client][ERROR  ][worker-0] nats: encountered error
Traceback (most recent call last):
  File "C:\Users\proman_esp\AppData\Local\Programs\Python\Python313\Lib\site-packages\nats\aio\client.py", line 1490, in _attempt_reconnect
    await self._transport.wait_closed()
  File "C:\Users\proman_esp\AppData\Local\Programs\Python\Python313\Lib\site-packages\nats\aio\transport.py", line 183, in wait_closed
    return await self._io_writer.wait_closed()
           ^^^^^^^^^^^^^^^^^^^^^^^^^^^^^^^^^^^
  File "C:\Users\proman_esp\AppData\Local\Programs\Python\Python313\Lib\asyncio\streams.py", line 358, in wait_closed
    await self._protocol._get_close_waiter(self)
  File "C:\Users\proman_esp\AppData\Local\Programs\Python\Python313\Lib\asyncio\selector_events.py", line 1005, in _read_ready__data_received
    data = self._sock.recv(self.max_size)
ConnectionResetError: [WinError 10054] Удаленный хост принудительно разорвал существующее подключение
[2025-12-26 11:20:09,405][nats.aio.client][ERROR  ][worker-0] nats: encountered error
Traceback (most recent call last):
  File "C:\Users\proman_esp\AppData\Local\Programs\Python\Python313\Lib\site-packages\nats\aio\client.py", line 1400, in _select_next_server
    await self._transport.connect(
    ...<3 lines>...
    )
  File "C:\Users\proman_esp\AppData\Local\Programs\Python\Python313\Lib\site-packages\nats\aio\transport.py", line 123, in connect
    r, w = await asyncio.wait_for(
           ^^^^^^^^^^^^^^^^^^^^^^^
    ...<6 lines>...
    )
    ^
  File "C:\Users\proman_esp\AppData\Local\Programs\Python\Python313\Lib\asyncio\tasks.py", line 507, in wait_for
    return await fut
           ^^^^^^^^^
  File "C:\Users\proman_esp\AppData\Local\Programs\Python\Python313\Lib\asyncio\streams.py", line 48, in open_connection
    transport, _ = await loop.create_connection(
                   ^^^^^^^^^^^^^^^^^^^^^^^^^^^^^
        lambda: protocol, host, port, **kwds)
        ^^^^^^^^^^^^^^^^^^^^^^^^^^^^^^^^^^^^^
  File "C:\Users\proman_esp\AppData\Local\Programs\Python\Python313\Lib\asyncio\base_events.py", line 1171, in create_connection
    raise exceptions[0]
  File "C:\Users\proman_esp\AppData\Local\Programs\Python\Python313\Lib\asyncio\base_events.py", line 1146, in create_connection
    sock = await self._connect_sock(
           ^^^^^^^^^^^^^^^^^^^^^^^^^
        exceptions, addrinfo, laddr_infos)
        ^^^^^^^^^^^^^^^^^^^^^^^^^^^^^^^^^^
  File "C:\Users\proman_esp\AppData\Local\Programs\Python\Python313\Lib\asyncio\base_events.py", line 1045, in _connect_sock
    await self.sock_connect(sock, address)
  File "C:\Users\proman_esp\AppData\Local\Programs\Python\Python313\Lib\asyncio\selector_events.py", line 641, in sock_connect
    return await fut
           ^^^^^^^^^
  File "C:\Users\proman_esp\AppData\Local\Programs\Python\Python313\Lib\asyncio\selector_events.py", line 681, in _sock_connect_cb
    raise OSError(err, f'Connect call failed {address}')
OSError: [Errno 10051] Connect call failed ('91.98.71.11', 4222)
[2025-12-26 11:20:11,411][nats.aio.client][ERROR  ][worker-0] nats: encountered error
Traceback (most recent call last):
  File "C:\Users\proman_esp\AppData\Local\Programs\Python\Python313\Lib\site-packages\nats\aio\client.py", line 1400, in _select_next_server
    await self._transport.connect(
    ...<3 lines>...
    )
  File "C:\Users\proman_esp\AppData\Local\Programs\Python\Python313\Lib\site-packages\nats\aio\transport.py", line 123, in connect
    r, w = await asyncio.wait_for(
           ^^^^^^^^^^^^^^^^^^^^^^^
    ...<6 lines>...
    )
    ^
  File "C:\Users\proman_esp\AppData\Local\Programs\Python\Python313\Lib\asyncio\tasks.py", line 507, in wait_for
    return await fut
           ^^^^^^^^^
  File "C:\Users\proman_esp\AppData\Local\Programs\Python\Python313\Lib\asyncio\streams.py", line 48, in open_connection
    transport, _ = await loop.create_connection(
                   ^^^^^^^^^^^^^^^^^^^^^^^^^^^^^
        lambda: protocol, host, port, **kwds)
        ^^^^^^^^^^^^^^^^^^^^^^^^^^^^^^^^^^^^^
  File "C:\Users\proman_esp\AppData\Local\Programs\Python\Python313\Lib\asyncio\base_events.py", line 1171, in create_connection
    raise exceptions[0]
  File "C:\Users\proman_esp\AppData\Local\Programs\Python\Python313\Lib\asyncio\base_events.py", line 1146, in create_connection
    sock = await self._connect_sock(
           ^^^^^^^^^^^^^^^^^^^^^^^^^
        exceptions, addrinfo, laddr_infos)
        ^^^^^^^^^^^^^^^^^^^^^^^^^^^^^^^^^^
  File "C:\Users\proman_esp\AppData\Local\Programs\Python\Python313\Lib\asyncio\base_events.py", line 1045, in _connect_sock
    await self.sock_connect(sock, address)
  File "C:\Users\proman_esp\AppData\Local\Programs\Python\Python313\Lib\asyncio\selector_events.py", line 641, in sock_connect
    return await fut
           ^^^^^^^^^
  File "C:\Users\proman_esp\AppData\Local\Programs\Python\Python313\Lib\asyncio\selector_events.py", line 681, in _sock_connect_cb
    raise OSError(err, f'Connect call failed {address}')
OSError: [Errno 10051] Connect call failed ('91.98.71.11', 4222)
[2025-12-26 11:20:13,428][nats.aio.client][ERROR  ][worker-0] nats: encountered error
Traceback (most recent call last):
  File "C:\Users\proman_esp\AppData\Local\Programs\Python\Python313\Lib\site-packages\nats\aio\client.py", line 1400, in _select_next_server
    await self._transport.connect(
    ...<3 lines>...
    )
  File "C:\Users\proman_esp\AppData\Local\Programs\Python\Python313\Lib\site-packages\nats\aio\transport.py", line 123, in connect
    r, w = await asyncio.wait_for(
           ^^^^^^^^^^^^^^^^^^^^^^^
    ...<6 lines>...
    )
    ^
  File "C:\Users\proman_esp\AppData\Local\Programs\Python\Python313\Lib\asyncio\tasks.py", line 507, in wait_for
    return await fut
           ^^^^^^^^^
  File "C:\Users\proman_esp\AppData\Local\Programs\Python\Python313\Lib\asyncio\streams.py", line 48, in open_connection
    transport, _ = await loop.create_connection(
                   ^^^^^^^^^^^^^^^^^^^^^^^^^^^^^
        lambda: protocol, host, port, **kwds)
        ^^^^^^^^^^^^^^^^^^^^^^^^^^^^^^^^^^^^^
  File "C:\Users\proman_esp\AppData\Local\Programs\Python\Python313\Lib\asyncio\base_events.py", line 1171, in create_connection
    raise exceptions[0]
  File "C:\Users\proman_esp\AppData\Local\Programs\Python\Python313\Lib\asyncio\base_events.py", line 1146, in create_connection
    sock = await self._connect_sock(
           ^^^^^^^^^^^^^^^^^^^^^^^^^
        exceptions, addrinfo, laddr_infos)
        ^^^^^^^^^^^^^^^^^^^^^^^^^^^^^^^^^^
  File "C:\Users\proman_esp\AppData\Local\Programs\Python\Python313\Lib\asyncio\base_events.py", line 1045, in _connect_sock
    await self.sock_connect(sock, address)
  File "C:\Users\proman_esp\AppData\Local\Programs\Python\Python313\Lib\asyncio\selector_events.py", line 641, in sock_connect
    return await fut
           ^^^^^^^^^
  File "C:\Users\proman_esp\AppData\Local\Programs\Python\Python313\Lib\asyncio\selector_events.py", line 681, in _sock_connect_cb
    raise OSError(err, f'Connect call failed {address}')
OSError: [Errno 10051] Connect call failed ('91.98.71.11', 4222)
[2025-12-26 11:20:15,441][nats.aio.client][ERROR  ][worker-0] nats: encountered error
Traceback (most recent call last):
  File "C:\Users\proman_esp\AppData\Local\Programs\Python\Python313\Lib\site-packages\nats\aio\client.py", line 1400, in _select_next_server
    await self._transport.connect(
    ...<3 lines>...
    )
  File "C:\Users\proman_esp\AppData\Local\Programs\Python\Python313\Lib\site-packages\nats\aio\transport.py", line 123, in connect
    r, w = await asyncio.wait_for(
           ^^^^^^^^^^^^^^^^^^^^^^^
    ...<6 lines>...
    )
    ^
  File "C:\Users\proman_esp\AppData\Local\Programs\Python\Python313\Lib\asyncio\tasks.py", line 507, in wait_for
    return await fut
           ^^^^^^^^^
  File "C:\Users\proman_esp\AppData\Local\Programs\Python\Python313\Lib\asyncio\streams.py", line 48, in open_connection
    transport, _ = await loop.create_connection(
                   ^^^^^^^^^^^^^^^^^^^^^^^^^^^^^
        lambda: protocol, host, port, **kwds)
        ^^^^^^^^^^^^^^^^^^^^^^^^^^^^^^^^^^^^^
  File "C:\Users\proman_esp\AppData\Local\Programs\Python\Python313\Lib\asyncio\base_events.py", line 1171, in create_connection
    raise exceptions[0]
  File "C:\Users\proman_esp\AppData\Local\Programs\Python\Python313\Lib\asyncio\base_events.py", line 1146, in create_connection
    sock = await self._connect_sock(
           ^^^^^^^^^^^^^^^^^^^^^^^^^
        exceptions, addrinfo, laddr_infos)
        ^^^^^^^^^^^^^^^^^^^^^^^^^^^^^^^^^^
  File "C:\Users\proman_esp\AppData\Local\Programs\Python\Python313\Lib\asyncio\base_events.py", line 1045, in _connect_sock
    await self.sock_connect(sock, address)
  File "C:\Users\proman_esp\AppData\Local\Programs\Python\Python313\Lib\asyncio\selector_events.py", line 641, in sock_connect
    return await fut
           ^^^^^^^^^
  File "C:\Users\proman_esp\AppData\Local\Programs\Python\Python313\Lib\asyncio\selector_events.py", line 681, in _sock_connect_cb
    raise OSError(err, f'Connect call failed {address}')
OSError: [Errno 10051] Connect call failed ('91.98.71.11', 4222)
[2025-12-26 11:20:17,455][nats.aio.client][ERROR  ][worker-0] nats: encountered error
Traceback (most recent call last):
  File "C:\Users\proman_esp\AppData\Local\Programs\Python\Python313\Lib\site-packages\nats\aio\client.py", line 1400, in _select_next_server
    await self._transport.connect(
    ...<3 lines>...
    )
  File "C:\Users\proman_esp\AppData\Local\Programs\Python\Python313\Lib\site-packages\nats\aio\transport.py", line 123, in connect
    r, w = await asyncio.wait_for(
           ^^^^^^^^^^^^^^^^^^^^^^^
    ...<6 lines>...
    )
    ^
  File "C:\Users\proman_esp\AppData\Local\Programs\Python\Python313\Lib\asyncio\tasks.py", line 507, in wait_for
    return await fut
           ^^^^^^^^^
  File "C:\Users\proman_esp\AppData\Local\Programs\Python\Python313\Lib\asyncio\streams.py", line 48, in open_connection
    transport, _ = await loop.create_connection(
                   ^^^^^^^^^^^^^^^^^^^^^^^^^^^^^
        lambda: protocol, host, port, **kwds)
        ^^^^^^^^^^^^^^^^^^^^^^^^^^^^^^^^^^^^^
  File "C:\Users\proman_esp\AppData\Local\Programs\Python\Python313\Lib\asyncio\base_events.py", line 1171, in create_connection
    raise exceptions[0]
  File "C:\Users\proman_esp\AppData\Local\Programs\Python\Python313\Lib\asyncio\base_events.py", line 1146, in create_connection
    sock = await self._connect_sock(
           ^^^^^^^^^^^^^^^^^^^^^^^^^
        exceptions, addrinfo, laddr_infos)
        ^^^^^^^^^^^^^^^^^^^^^^^^^^^^^^^^^^
  File "C:\Users\proman_esp\AppData\Local\Programs\Python\Python313\Lib\asyncio\base_events.py", line 1045, in _connect_sock
    await self.sock_connect(sock, address)
  File "C:\Users\proman_esp\AppData\Local\Programs\Python\Python313\Lib\asyncio\selector_events.py", line 641, in sock_connect
    return await fut
           ^^^^^^^^^
  File "C:\Users\proman_esp\AppData\Local\Programs\Python\Python313\Lib\asyncio\selector_events.py", line 681, in _sock_connect_cb
    raise OSError(err, f'Connect call failed {address}')
OSError: [Errno 10051] Connect call failed ('91.98.71.11', 4222)
[2025-12-26 11:20:19,470][nats.aio.client][ERROR  ][worker-0] nats: encountered error
Traceback (most recent call last):
  File "C:\Users\proman_esp\AppData\Local\Programs\Python\Python313\Lib\site-packages\nats\aio\client.py", line 1400, in _select_next_server
    await self._transport.connect(
    ...<3 lines>...
    )
  File "C:\Users\proman_esp\AppData\Local\Programs\Python\Python313\Lib\site-packages\nats\aio\transport.py", line 123, in connect
    r, w = await asyncio.wait_for(
           ^^^^^^^^^^^^^^^^^^^^^^^
    ...<6 lines>...
    )
    ^
  File "C:\Users\proman_esp\AppData\Local\Programs\Python\Python313\Lib\asyncio\tasks.py", line 507, in wait_for
    return await fut
           ^^^^^^^^^
  File "C:\Users\proman_esp\AppData\Local\Programs\Python\Python313\Lib\asyncio\streams.py", line 48, in open_connection
    transport, _ = await loop.create_connection(
                   ^^^^^^^^^^^^^^^^^^^^^^^^^^^^^
        lambda: protocol, host, port, **kwds)
        ^^^^^^^^^^^^^^^^^^^^^^^^^^^^^^^^^^^^^
  File "C:\Users\proman_esp\AppData\Local\Programs\Python\Python313\Lib\asyncio\base_events.py", line 1171, in create_connection
    raise exceptions[0]
  File "C:\Users\proman_esp\AppData\Local\Programs\Python\Python313\Lib\asyncio\base_events.py", line 1146, in create_connection
    sock = await self._connect_sock(
           ^^^^^^^^^^^^^^^^^^^^^^^^^
        exceptions, addrinfo, laddr_infos)
        ^^^^^^^^^^^^^^^^^^^^^^^^^^^^^^^^^^
  File "C:\Users\proman_esp\AppData\Local\Programs\Python\Python313\Lib\asyncio\base_events.py", line 1045, in _connect_sock
    await self.sock_connect(sock, address)
  File "C:\Users\proman_esp\AppData\Local\Programs\Python\Python313\Lib\asyncio\selector_events.py", line 641, in sock_connect
    return await fut
           ^^^^^^^^^
  File "C:\Users\proman_esp\AppData\Local\Programs\Python\Python313\Lib\asyncio\selector_events.py", line 681, in _sock_connect_cb
    raise OSError(err, f'Connect call failed {address}')
OSError: [Errno 10051] Connect call failed ('91.98.71.11', 4222)
